12:41:45 INFO  : Launching XSCT server: xsct.bat -n  -interactive C:\Users\george\Documents\GitHub\aimbot\prj\ov7670_vitis\temp_xsdb_launch_script.tcl
12:41:45 INFO  : Platform repository initialization has completed.
12:41:46 INFO  : Registering command handlers for Vitis TCF services
12:41:49 INFO  : XSCT server has started successfully.
12:41:50 INFO  : plnx-install-location is set to ''
12:41:50 INFO  : Successfully done setting XSCT server connection channel  
12:41:50 INFO  : Successfully done query RDI_DATADIR 
12:41:50 INFO  : Successfully done setting workspace for the tool. 
12:42:26 INFO  : Result from executing command 'getProjects': camtest_wrapper
12:42:26 INFO  : Result from executing command 'getPlatforms': 
12:42:26 WARN  : An unexpected exception occurred in the module 'platform project logging'
12:42:26 INFO  : Platform 'camtest_wrapper' is added to custom repositories.
12:42:36 INFO  : Platform 'camtest_wrapper' is added to custom repositories.
12:43:02 INFO  : Result from executing command 'getProjects': camtest_wrapper
12:43:02 INFO  : Result from executing command 'getPlatforms': camtest_wrapper|C:/Users/george/Documents/GitHub/aimbot/prj/ov7670_vitis/camtest_wrapper/export/camtest_wrapper/camtest_wrapper.xpfm
12:43:02 INFO  : Checking for BSP changes to sync application flags for project 'i2c_test'...
12:44:06 INFO  : Checking for BSP changes to sync application flags for project 'i2c_test'...
12:44:23 INFO  : Checking for BSP changes to sync application flags for project 'i2c_test'...
12:45:41 INFO  : Checking for BSP changes to sync application flags for project 'i2c_test'...
12:45:54 INFO  : Checking for BSP changes to sync application flags for project 'i2c_test'...
13:45:33 INFO  : Checking for BSP changes to sync application flags for project 'i2c_test'...
13:46:06 INFO  : Checking for BSP changes to sync application flags for project 'i2c_test'...
14:22:20 INFO  : Checking for BSP changes to sync application flags for project 'i2c_test'...
14:23:16 INFO  : Checking for BSP changes to sync application flags for project 'i2c_test'...
14:23:26 INFO  : Checking for BSP changes to sync application flags for project 'i2c_test'...
14:24:33 INFO  : Checking for BSP changes to sync application flags for project 'i2c_test'...
14:24:41 INFO  : Checking for BSP changes to sync application flags for project 'i2c_test'...
14:39:04 INFO  : Checking for BSP changes to sync application flags for project 'i2c_test'...
14:39:16 INFO  : Checking for BSP changes to sync application flags for project 'i2c_test'...
14:57:42 INFO  : Checking for BSP changes to sync application flags for project 'i2c_test'...
15:03:37 INFO  : Checking for BSP changes to sync application flags for project 'i2c_test'...
15:03:54 INFO  : Checking for BSP changes to sync application flags for project 'i2c_test'...
15:04:36 INFO  : Checking for BSP changes to sync application flags for project 'i2c_test'...
15:30:26 INFO  : Checking for BSP changes to sync application flags for project 'i2c_test'...
16:59:42 INFO  : Checking for BSP changes to sync application flags for project 'i2c_test'...
17:00:17 INFO  : Checking for BSP changes to sync application flags for project 'i2c_test'...
17:00:54 INFO  : Checking for BSP changes to sync application flags for project 'i2c_test'...
17:01:39 INFO  : Checking for BSP changes to sync application flags for project 'i2c_test'...
17:03:23 INFO  : Checking for BSP changes to sync application flags for project 'i2c_test'...
17:04:23 INFO  : Checking for BSP changes to sync application flags for project 'i2c_test'...
17:05:12 INFO  : Checking for BSP changes to sync application flags for project 'i2c_test'...
17:05:29 INFO  : Checking for BSP changes to sync application flags for project 'i2c_test'...
17:06:04 INFO  : Checking for BSP changes to sync application flags for project 'i2c_test'...
17:06:17 INFO  : Checking for BSP changes to sync application flags for project 'i2c_test'...
17:06:44 INFO  : Checking for BSP changes to sync application flags for project 'i2c_test'...
17:07:21 INFO  : Checking for BSP changes to sync application flags for project 'i2c_test'...
17:07:38 INFO  : Checking for BSP changes to sync application flags for project 'i2c_test'...
17:11:10 INFO  : Checking for BSP changes to sync application flags for project 'i2c_test'...
