17:38:14 INFO  : Launching XSCT server: xsct.bat -n  -interactive C:\Users\george\Documents\GitHub\aimbot\sw\tpg_vdma\temp_xsdb_launch_script.tcl
17:38:14 INFO  : Platform repository initialization has completed.
17:38:14 INFO  : Registering command handlers for Vitis TCF services
17:38:20 INFO  : XSCT server has started successfully.
17:38:26 INFO  : Successfully done setting XSCT server connection channel  
17:38:26 INFO  : plnx-install-location is set to ''
17:38:26 INFO  : Successfully done query RDI_DATADIR 
17:38:26 INFO  : Successfully done setting workspace for the tool. 
17:40:16 INFO  : Result from executing command 'getProjects': vdma_sys_wrapper
17:40:16 INFO  : Result from executing command 'getPlatforms': 
17:40:16 WARN  : An unexpected exception occurred in the module 'platform project logging'
17:40:16 INFO  : Platform 'vdma_sys_wrapper' is added to custom repositories.
17:40:38 INFO  : Platform 'vdma_sys_wrapper' is added to custom repositories.
17:48:38 INFO  : Result from executing command 'getProjects': vdma_sys_wrapper
17:48:38 INFO  : Result from executing command 'getPlatforms': vdma_sys_wrapper|C:/Users/george/Documents/GitHub/aimbot/sw/tpg_vdma/vdma_sys_wrapper/export/vdma_sys_wrapper/vdma_sys_wrapper.xpfm
17:48:38 INFO  : Checking for BSP changes to sync application flags for project 'tpg_vdma_test'...
18:02:25 INFO  : Checking for BSP changes to sync application flags for project 'tpg_vdma_test'...
18:26:54 INFO  : Checking for BSP changes to sync application flags for project 'tpg_vdma_test'...
18:27:18 INFO  : Checking for BSP changes to sync application flags for project 'tpg_vdma_test'...
18:27:30 INFO  : Checking for BSP changes to sync application flags for project 'tpg_vdma_test'...
18:27:39 INFO  : Checking for BSP changes to sync application flags for project 'tpg_vdma_test'...
18:27:56 INFO  : Checking for BSP changes to sync application flags for project 'tpg_vdma_test'...
18:45:26 INFO  : Checking for BSP changes to sync application flags for project 'tpg_vdma_test'...
